Determining if the pthread_create exist failed with the following output:
Change Dir: /home/nvidia/xycar/build/CMakeFiles/CMakeTmp

Run Build Command:"/usr/bin/make" "cmTC_52367/fast"
/usr/bin/make -f CMakeFiles/cmTC_52367.dir/build.make CMakeFiles/cmTC_52367.dir/build
make[1]: Entering directory '/home/nvidia/xycar/build/CMakeFiles/CMakeTmp'
Building C object CMakeFiles/cmTC_52367.dir/CheckSymbolExists.c.o
/usr/bin/cc     -o CMakeFiles/cmTC_52367.dir/CheckSymbolExists.c.o   -c /home/nvidia/xycar/build/CMakeFiles/CMakeTmp/CheckSymbolExists.c
Linking C executable cmTC_52367
/usr/bin/cmake -E cmake_link_script CMakeFiles/cmTC_52367.dir/link.txt --verbose=1
/usr/bin/cc       CMakeFiles/cmTC_52367.dir/CheckSymbolExists.c.o  -o cmTC_52367 -rdynamic 
CMakeFiles/cmTC_52367.dir/CheckSymbolExists.c.o: In function `main':
CheckSymbolExists.c:(.text+0x14): undefined reference to `pthread_create'
CheckSymbolExists.c:(.text+0x18): undefined reference to `pthread_create'
collect2: error: ld returned 1 exit status
CMakeFiles/cmTC_52367.dir/build.make:97: recipe for target 'cmTC_52367' failed
make[1]: *** [cmTC_52367] Error 1
make[1]: Leaving directory '/home/nvidia/xycar/build/CMakeFiles/CMakeTmp'
Makefile:126: recipe for target 'cmTC_52367/fast' failed
make: *** [cmTC_52367/fast] Error 2

File /home/nvidia/xycar/build/CMakeFiles/CMakeTmp/CheckSymbolExists.c:
/* */
#include <pthread.h>

int main(int argc, char** argv)
{
  (void)argv;
#ifndef pthread_create
  return ((int*)(&pthread_create))[argc];
#else
  (void)argc;
  return 0;
#endif
}

Determining if the function pthread_create exists in the pthreads failed with the following output:
Change Dir: /home/nvidia/xycar/build/CMakeFiles/CMakeTmp

Run Build Command:"/usr/bin/make" "cmTC_fe00c/fast"
/usr/bin/make -f CMakeFiles/cmTC_fe00c.dir/build.make CMakeFiles/cmTC_fe00c.dir/build
make[1]: Entering directory '/home/nvidia/xycar/build/CMakeFiles/CMakeTmp'
Building C object CMakeFiles/cmTC_fe00c.dir/CheckFunctionExists.c.o
/usr/bin/cc    -DCHECK_FUNCTION_EXISTS=pthread_create   -o CMakeFiles/cmTC_fe00c.dir/CheckFunctionExists.c.o   -c /usr/share/cmake-3.5/Modules/CheckFunctionExists.c
Linking C executable cmTC_fe00c
/usr/bin/cmake -E cmake_link_script CMakeFiles/cmTC_fe00c.dir/link.txt --verbose=1
/usr/bin/cc   -DCHECK_FUNCTION_EXISTS=pthread_create    CMakeFiles/cmTC_fe00c.dir/CheckFunctionExists.c.o  -o cmTC_fe00c -rdynamic -lpthreads 
/usr/bin/ld: cannot find -lpthreads
collect2: error: ld returned 1 exit status
CMakeFiles/cmTC_fe00c.dir/build.make:97: recipe for target 'cmTC_fe00c' failed
make[1]: *** [cmTC_fe00c] Error 1
make[1]: Leaving directory '/home/nvidia/xycar/build/CMakeFiles/CMakeTmp'
Makefile:126: recipe for target 'cmTC_fe00c/fast' failed
make: *** [cmTC_fe00c/fast] Error 2


